SF:lib/providers/album_find_by_id_provider.dart
DA:6,0
DA:7,0
DA:11,0
DA:13,0
DA:15,0
DA:16,0
DA:17,0
DA:20,0
DA:21,0
LF:9
LH:0
end_of_record
SF:lib/services/impl/album_service_impl.dart
DA:10,0
DA:14,0
DA:17,0
DA:18,0
DA:19,0
DA:21,0
DA:25,0
DA:28,0
DA:29,0
DA:30,0
DA:31,0
DA:33,0
LF:12
LH:0
end_of_record
SF:lib/dto/album_dto.dart
DA:7,0
LF:1
LH:0
end_of_record
SF:lib/models/album.dart
DA:14,0
DA:15,0
LF:2
LH:0
end_of_record
SF:lib/models/album.g.dart
DA:9,0
DA:10,0
DA:11,0
DA:12,0
DA:15,2
DA:16,1
DA:17,1
DA:18,1
LF:8
LH:4
end_of_record
SF:lib/counter.dart
DA:6,2
DA:8,2
DA:9,6
DA:12,6
LF:4
LH:4
end_of_record
SF:lib/main.dart
DA:7,0
DA:8,0
DA:12,3
DA:15,1
DA:17,1
DA:20,1
DA:21,1
DA:24,1
DA:31,2
DA:35,1
DA:36,1
DA:42,1
DA:43,2
DA:44,2
DA:48,1
DA:50,1
DA:51,1
DA:52,3
DA:53,3
DA:54,1
DA:55,1
DA:56,0
DA:62,1
DA:63,1
DA:65,1
DA:69,1
DA:70,3
DA:71,3
DA:76,1
DA:77,1
LF:30
LH:27
end_of_record
SF:lib/router.dart
DA:7,3
DA:8,1
DA:9,1
DA:12,1
DA:13,1
DA:14,1
DA:17,0
DA:18,1
DA:19,1
DA:22,0
LF:10
LH:8
end_of_record
SF:lib/providers/album_find_all_provider.dart
DA:5,0
DA:6,0
LF:2
LH:0
end_of_record
SF:lib/screen/detail_album.dart
DA:6,2
DA:8,0
DA:10,0
DA:11,0
DA:15,0
DA:17,0
DA:18,0
DA:19,0
DA:20,0
DA:21,0
DA:22,0
DA:24,0
DA:25,0
DA:26,0
LF:14
LH:1
end_of_record
SF:lib/screen/list_album.dart
DA:9,2
DA:11,0
DA:13,0
DA:14,0
DA:18,0
DA:19,0
DA:20,0
DA:21,0
DA:22,0
DA:23,0
DA:24,0
DA:25,0
DA:26,0
DA:27,0
DA:29,0
DA:30,0
DA:32,0
DA:33,0
DA:34,0
DA:35,0
DA:36,0
DA:37,0
DA:45,0
DA:46,0
LF:24
LH:1
end_of_record
